CFAST Version 6.2.0 built 2009/03/04, run 2011/10/27

Data file is C:\Users\rpeacoc\Documents\Visual Studio 2010\Projects\cfast\Bin\Data\standard.in    Title is Cable tray fire -- base case


OVERVIEW


Compartments    Doors, ...    Ceil. Vents, ...    MV Connects

   1               1             0                    0

Simulation     Output     History     Smokeview  Spreadsheet
   Time       Interval    Interval    Interval    Interval    
   (s)          (s)         (s)         (s)         (s)         

  1800         120           0           0          30

Ceiling jet is on for all                                         


AMBIENT CONDITIONS

Interior       Interior       Exterior       Exterior       Station        Wind           Wind           Wind           
Temperature    Pressure       Temperature    Pressure       Elevation      Speed          Ref. Height    Power
(C)            (Pa)           (C)             (Pa)          (m)            (m/s)           (m)

    20.          101300.          20.          101300.         0.00          0.0           10.0           0.16


COMPARTMENTS

Compartment  Name           Width     Depth     Height    Area      Volume    Ceiling   Floor     
                                                                              Height    Height    
                             (m)       (m)       (m)       (m^2)     (m^3)      (m)       (m)
------------------------------------------------------------------------------------------------
    1        Compartment 1   9.10      5.00      4.60     45.50    209.30      4.60      0.00


VENT CONNECTIONS

Horizontal Natural Flow Connections (Doors, Windows, ...)

From           To             Vent      Width     Sill      Soffit    Abs.      Abs.      Area
Compartment    Compartment    Number              Height    Height    Sill      Soffit
                                        (m)       (m)       (m)       (m)       (m)       (m^2)
----------------------------------------------------------------------------------------------------
Compartment 1   Outside        1        1.00      0.00      2.40      0.00      2.40      2.40


There are no vertical natural flow connections


There are no mechanical flow connections


THERMAL PROPERTIES

Compartment    Ceiling      Wall         Floor
----------------------------------------------------------------------
Compartment 1  GLASSFB3     CONCRETE     CONCRETE


Thermal data base used: thermal             

Name    Conductivity Specific heat     Density     Thickness   Emissivity                HCL B's (1->5)
ACOUTILE    5.800E-02    1.340E+03     290.        3.000E-03    0.900      0.00E+00  0.00E+00  0.00E+00  0.00E+00  0.00E+00
ALUM1/8      231.        1.033E+03    2.702E+03    3.000E-03    0.900      0.00E+00  0.00E+00  0.00E+00  0.00E+00  0.00E+00
ALUM2064     186.        1.042E+03    2.770E+03    3.000E-03    0.900      0.00E+00  0.00E+00  0.00E+00  0.00E+00  0.00E+00
BRICK        1.50         960.        2.645E+03    7.600E-02    0.900      0.00E+00  0.00E+00  0.00E+00  0.00E+00  0.00E+00
COMBRICK    0.720         835.        1.920E+03    7.600E-02    0.900      0.00E+00  0.00E+00  0.00E+00  0.00E+00  0.00E+00
MARINITE    0.180        1.293E+03     737.        1.300E-02    0.830      0.00E+00  0.00E+00  0.00E+00  0.00E+00  0.00E+00
CELLULOS    3.900E-02    1.380E+03     45.0        8.800E-02    0.900      0.00E+00  0.00E+00  0.00E+00  0.00E+00  0.00E+00
CEMENTMO    0.720         780.        1.860E+03    2.500E-02    0.900      0.00E+00  0.00E+00  0.00E+00  0.00E+00  0.00E+00
CONCLITE    0.125        1.050E+03     525.        0.150        0.940      0.00E+00  0.00E+00  0.00E+00  0.00E+00  0.00E+00
CONCRETE     1.75        1.000E+03    2.200E+03    0.150        0.940      0.00E+00  0.00E+00  0.00E+00  0.00E+00  0.00E+00
CONCRGYP    0.170        1.090E+03     930.        1.270E-02    0.940      0.00E+00  0.00E+00  0.00E+00  0.00E+00  0.00E+00
DEFAULT     0.160         900.         790.        1.600E-02    0.900      6.30E-03  1.92E+02  5.87E-02  7.48E+03  1.93E+02
FIREBRIK    0.360         750.        1.040E+03    0.113        0.800      0.00E+00  0.00E+00  0.00E+00  0.00E+00  0.00E+00
FBRKCRMF    0.170        1.040E+03     128.        5.000E-02    0.950      0.00E+00  0.00E+00  0.00E+00  0.00E+00  0.00E+00
GLASSFB2    3.800E-02     835.         32.0        1.300E-02    0.900      0.00E+00  0.00E+00  0.00E+00  0.00E+00  0.00E+00
GLASSFB2    3.800E-02     835.         32.0        1.300E-02    0.900      0.00E+00  0.00E+00  0.00E+00  0.00E+00  0.00E+00
GLASFIBR    4.000E-02     720.         105.        8.800E-02    0.900      0.00E+00  0.00E+00  0.00E+00  0.00E+00  0.00E+00
GLASSFB3    3.600E-02     795.         105.        1.300E-02    0.900      0.00E+00  0.00E+00  0.00E+00  0.00E+00  0.00E+00
GLASSFB3    3.600E-02     795.         105.        1.300E-02    0.900      0.00E+00  0.00E+00  0.00E+00  0.00E+00  0.00E+00
GLASSFB4    4.300E-02     835.         16.0        1.300E-02    0.900      0.00E+00  0.00E+00  0.00E+00  0.00E+00  0.00E+00
GLASSFB4    4.300E-02     835.         16.0        1.300E-02    0.900      0.00E+00  0.00E+00  0.00E+00  0.00E+00  0.00E+00
GYP1/2      0.160         900.         790.        1.300E-02    0.900      6.30E-03  1.92E+02  5.87E-02  7.48E+03  1.93E+02
GYP3/4      0.160         900.         790.        1.900E-02    0.900      6.30E-03  1.92E+02  5.87E-02  7.48E+03  1.93E+02
GYPSUM      0.160         900.         790.        1.600E-02    0.900      6.30E-03  1.92E+02  5.87E-02  7.48E+03  1.93E+02
GYPPLAST    0.220        1.085E+03    1.680E+03    7.600E-02    0.900      6.30E-03  1.92E+02  5.87E-02  7.48E+03  1.93E+02
GYPX5/8     0.140         900.         770.        1.600E-02    0.900      6.30E-03  1.92E+02  5.87E-02  7.48E+03  1.93E+02
GYPGLASS    0.160         900.         790.        2.400E-02    0.900      0.00E+00  0.00E+00  0.00E+00  0.00E+00  0.00E+00
GYPMARI     0.110        1.330E+03     720.        1.270E-02    0.830      0.00E+00  0.00E+00  0.00E+00  0.00E+00  0.00E+00
HARDBDHD    0.150        1.380E+03    1.010E+03    1.300E-02    0.900      0.00E+00  0.00E+00  0.00E+00  0.00E+00  0.00E+00
HARDBDSD    9.400E-02    1.170E+03     640.        1.300E-02    0.900      0.00E+00  0.00E+00  0.00E+00  0.00E+00  0.00E+00
MARICRMF    0.170        1.040E+03     128.        5.000E-02    0.950      0.00E+00  0.00E+00  0.00E+00  0.00E+00  0.00E+00
METHANE     7.000E-02    1.090E+03     930.        1.270E-02    4.000E-02  0.00E+00  0.00E+00  0.00E+00  0.00E+00  0.00E+00
KAOWOOL     0.220        1.047E+03     128.        0.116        0.970      0.00E+00  0.00E+00  0.00E+00  0.00E+00  0.00E+00
OIL          145.        1.909E+03     884.        6.000E-03    0.800      0.00E+00  0.00E+00  0.00E+00  0.00E+00  0.00E+00
PARTBDHD    0.170        1.300E+03    1.000E+03    1.300E-02    0.900      0.00E+00  0.00E+00  0.00E+00  0.00E+00  0.00E+00
PARTBDLD    7.800E-02    1.300E+03     590.        1.300E-02    0.900      0.00E+00  0.00E+00  0.00E+00  0.00E+00  0.00E+00
GLASS        1.40         750.        2.500E+03    6.000E-03    0.100      0.00E+00  0.00E+00  0.00E+00  0.00E+00  0.00E+00
GLASS        1.40         750.        2.500E+03    6.000E-03    0.100      0.00E+00  0.00E+00  0.00E+00  0.00E+00  0.00E+00
PLYWOOD     0.120        1.215E+03     545.        1.300E-02    0.900      0.00E+00  0.00E+00  0.00E+00  0.00E+00  0.00E+00
SHEATHNG    5.500E-02    1.300E+03     290.        1.300E-02    0.900      0.00E+00  0.00E+00  0.00E+00  0.00E+00  0.00E+00
STAIN304     19.8         557.        7.900E+03    3.000E-03    0.900      0.00E+00  0.00E+00  0.00E+00  0.00E+00  0.00E+00
STEELSHT     48.0         559.        7.854E+03    1.500E-03    0.900      0.00E+00  0.00E+00  0.00E+00  0.00E+00  0.00E+00
STEEL1/8     48.0         559.        7.854E+03    3.000E-03    0.900      0.00E+00  0.00E+00  0.00E+00  0.00E+00  0.00E+00
STEEL3/8     48.0         559.        7.854E+03    9.500E-03    0.900      0.00E+00  0.00E+00  0.00E+00  0.00E+00  0.00E+00
URETHANE    2.600E-02    1.045E+03     70.0        1.300E-02    0.900      0.00E+00  0.00E+00  0.00E+00  0.00E+00  0.00E+00
VERMICUL    6.800E-02     835.         80.0        6.000E-03    0.900      0.00E+00  0.00E+00  0.00E+00  0.00E+00  0.00E+00
WOODSHCM    8.700E-02    1.590E+03     350.        1.300E-02    0.900      0.00E+00  0.00E+00  0.00E+00  0.00E+00  0.00E+00
HARDWOOD    0.160        1.255E+03     720.        1.900E-02    0.900      0.00E+00  0.00E+00  0.00E+00  0.00E+00  0.00E+00
SOFTWOOD    0.120        1.380E+03     510.        1.900E-02    0.900      0.00E+00  0.00E+00  0.00E+00  0.00E+00  0.00E+00
DEFAULT     0.120         900.         800.        1.200E-02    0.900      0.00E+00  0.00E+00  0.00E+00  0.00E+00  0.00E+00



TARGETS

Target Compartment    Position (x, y, z)         Direction (x, y, z)      Material
----------------------------------------------------------------------------------
    1    Compartmen   2.20     1.88     2.34     0.00     0.00     1.00   CONCRETE
    2    Compartmen   4.55     2.50     0.00     0.00     0.00     1.00   METHANE 
    3    Compartmen   4.55     2.50     0.00     0.00     0.00     1.00   HARDWOOD
    4    Compartmen   4.55     2.50     0.00     0.00     0.00     1.00   CONCRETE


FIRES


Name: bunsen   Referenced as object #  1

Compartment    Fire Type       Position (x,y,z)     Relative    Lower O2    Pyrolysis
                                                    Humidity    Limit       Temperature
Compartment 1  Constrained     4.55   2.50   0.00   50.0        10.00        300.


  Time      Fmass     Hcomb     Fqdot     Fhigh     C/CO2     CO/CO2    H/C       O/C       HCN       HCL         CT        TS
  (s)       (kg/s)    (J/kg)    (W)       (m)       (kg/kg)   (kg/kg)   (kg/kg)   (kg/kg)   (kg/kg)   (kg/kg)   (kg/kg)   (kg/kg)
------------------------------------------------------------------------------------------------------------------------------------
     0.      0.0      5.00E+07   0.0       0.0       0.0      5.00E-02  0.16       0.0       0.0       0.0       1.0       0.0
    60.     2.00E-03  5.00E+07  1.00E+05   0.0       0.0      6.00E-02  0.16       0.0       0.0       0.0       1.0       0.0
   120.     3.00E-03  5.00E+07  1.50E+05   0.0       0.0      7.00E-02  0.16       0.0       0.0       0.0       1.0       0.0
   180.     4.00E-03  5.00E+07  2.00E+05   0.0       0.0      6.00E-02  0.16       0.0       0.0       0.0       1.0       0.0
   240.     3.00E-03  5.00E+07  1.50E+05   0.0       0.0      5.00E-02  0.16       0.0       0.0       0.0       1.0       0.0
   300.     2.50E-03  5.00E+07  1.25E+05   0.0       0.0      4.00E-02  0.16       0.0       0.0       0.0       1.0       0.0
   360.     2.00E-03  5.00E+07  1.00E+05   0.0       0.0      3.00E-02  0.16       0.0       0.0       0.0       1.0       0.0
   420.     1.80E-03  5.00E+07  9.00E+04   0.0       0.0      2.00E-02  0.16       0.0       0.0       0.0       1.0       0.0
   480.     1.60E-03  5.00E+07  8.00E+04   0.0       0.0      1.00E-02  0.16       0.0       0.0       0.0       1.0       0.0
   540.     1.50E-03  5.00E+07  7.50E+04   0.0       0.0      1.00E-02  0.16       0.0       0.0       0.0       1.0       0.0
  1800.     1.50E-03  5.00E+07  7.50E+04   0.0       0.0      1.00E-02  0.16       0.0       0.0       0.0       1.0       0.0


Name: Wood_Wall   Referenced as object #  2

Compartment    Fire Type       Position (x,y,z)     Relative    Lower O2    Pyrolysis
                                                    Humidity    Limit       Temperature
Compartment 1  Constrained     4.55   2.50   0.00   50.0        10.00        280.


  Time      Fmass     Hcomb     Fqdot     Fhigh     C/CO2     CO/CO2    H/C       O/C       HCN       HCL         CT        TS
  (s)       (kg/s)    (J/kg)    (W)       (m)       (kg/kg)   (kg/kg)   (kg/kg)   (kg/kg)   (kg/kg)   (kg/kg)   (kg/kg)   (kg/kg)
------------------------------------------------------------------------------------------------------------------------------------
     0.      0.0      1.81E+07   0.0       0.0      2.00E-02  2.00E-02  0.10       0.0       0.0       0.0       1.0       0.0
  8000.     5.50E-02  1.82E+07  1.00E+06   3.0      2.00E-02  2.00E-02  0.10       0.0       0.0       0.0       1.0       0.0


Time =      0.0 seconds.

Compartment   Upper     Lower     Inter.    Upper           Upper      Lower     Pressure    Ambient    Floor
              Temp.     Temp.     Height    Vol.            Absorb     Absorb                Target     Target
               (C)      (C)       (m)       (m^3)           (m^-1)     (m^-1)      (Pa)      (W/m^2)    (W/m^2)
-----------------------------------------------------------------------------------------------------------------
Compartment 1 20.00     20.00     4.600     2.09E-02(  0%)  1.000E-02  4.968E-02  1.953E-15 -5.684E-14 -5.684E-14


Fires

Compartment    Fire      Plume     Pyrol     Fire      Flame     Fire in   Fire in   Vent      Convec.   Radiat.   Pyrolysate  Trace
                         Flow      Rate      Size      Height    Upper     Lower     Fire
                         (kg/s)    (kg/s)    (W)       (m)       (W)       (W)       (W)         (W)       (W)       (kg)      (kg)
------------------------------------------------------------------------------------------------------------------------------------------
                bunsen    0.00      0.00      0.00      0.00                                    0.00      0.00      0.00        0.00    
              Wood_Wal    0.00      0.00      0.00      0.00                                    0.00      0.00      0.00        0.00    



Surfaces and Targets

Compartment    Ceiling   Up wall   Low wall  Floor    Target    Gas       Surface   Center   Flux To      Fire      Surface   Gas
               Temp.     Temp.     Temp.     Temp.              Temp.     Temp.     Temp.    Target       Rad.      Rad.      Rad.      Convect.
               (C)       (C)       (C)       (C)                (C)       (C)       (C)      (W/m^2)      (%)       (%)       (%)       (%)
------------------------------------------------------------------------------------------------------------------------------------------------
Compartment 1   20.0      20.0      20.0      20.0     Floor              20.0               **********    0.0   *******   *******       0.0
                                                         1      20.0      20.0      20.0     1.1369E-13    0.0   *******   *******       0.0
                                                         2      20.0      20.0      20.0     **********    0.0   *******   *******       0.0
                                                         3      20.0      20.0      20.0     **********    0.0   *******   *******       0.0


Upper Layer Species

Compartment    N2         O2         CO2        CO         HCN        HCL        TUHC       H2O        OD         CT          TS        HCl c     HCl f     HCl uw    HCl lw
               (%)        (%)        (%)        (ppm)      (ppm)      (ppm)      (%)        (%)        (1/m)      (g-min/m3)  kg        (mg/m^2)  (mg/m^2)  (mg/m^2)  (mg/m^2)
---------------------------------------------------------------------------------------------------------------------------------------------------------------------------------
Compartment 1  78.4       20.5       0.00       0.00       0.00       0.00       0.00       1.16       0.00       0.00       0.00       0.00      0.00      0.00      0.00


Lower Layer Species

Compartment    N2         O2         CO2        CO         HCN        HCL        TUHC       H2O        OD         CT          TS        HCl c     HCl f     HCl uw    HCl lw
               (%)        (%)        (%)        (ppm)      (ppm)      (ppm)      (%)        (%)        (1/m)      (g-min/m3)  kg        (mg/m^2)  (mg/m^2)  (mg/m^2)  (mg/m^2)
---------------------------------------------------------------------------------------------------------------------------------------------------------------------------------
Compartment 1  78.4       20.5       0.00       0.00       0.00       0.00       0.00       1.16       0.00       0.00       0.00       0.00      0.00      0.00      0.00


Flow Through Vents (kg/s)

To             Through              Upper Layer               Lower Layer           Mixing       Mixing       Trace Species (kg)
Compartment    Vent             Inflow       Outflow      Inflow       Outflow      To Upper     To Lower     Vented     Filtered
-------------------------------------------------------------------------------------------------------------------------------------
Compart        H Outside #1                                                                                                                                     

Outside        H Comp  1 #1                                                                                                                                     


Time =    120.0 seconds.

Compartment   Upper     Lower     Inter.    Upper           Upper      Lower     Pressure    Ambient    Floor
              Temp.     Temp.     Height    Vol.            Absorb     Absorb                Target     Target
               (C)      (C)       (m)       (m^3)           (m^-1)     (m^-1)      (Pa)      (W/m^2)    (W/m^2)
-----------------------------------------------------------------------------------------------------------------
Compartment 1 53.86     22.94     1.173     1.56E+02( 75%)  6.828E-02  7.675E-02 -0.301       693.       670.    


Fires

Compartment    Fire      Plume     Pyrol     Fire      Flame     Fire in   Fire in   Vent      Convec.   Radiat.   Pyrolysate  Trace
                         Flow      Rate      Size      Height    Upper     Lower     Fire
                         (kg/s)    (kg/s)    (W)       (m)       (W)       (W)       (W)         (W)       (W)       (kg)      (kg)
------------------------------------------------------------------------------------------------------------------------------------------
                bunsen   0.568     3.000E-03 1.500E+05  1.38                                   1.005E+05 4.949E+04 0.211        0.00    
              Wood_Wal   0.280     8.250E-04 1.493E+04 0.270                                   1.000E+04 4.926E+03 4.981E-02    0.00    

Compartment 1            0.848     3.825E-03 1.649E+05            0.00     1.649E+05  0.00    


Surfaces and Targets

Compartment    Ceiling   Up wall   Low wall  Floor    Target    Gas       Surface   Center   Flux To      Fire      Surface   Gas
               Temp.     Temp.     Temp.     Temp.              Temp.     Temp.     Temp.    Target       Rad.      Rad.      Rad.      Convect.
               (C)       (C)       (C)       (C)                (C)       (C)       (C)      (W/m^2)      (%)       (%)       (%)       (%)
------------------------------------------------------------------------------------------------------------------------------------------------
Compartment 1   38.1      21.3      21.2      22.7     Floor              22.7                693.3       89.6      53.1      16.5       1.1
                                                         1      53.9      20.8      20.0      248.0        0.0     149.1      57.9      61.8
                                                         2      22.9      20.1      20.1      655.7       87.3      53.4      22.0       1.2
                                                         3      22.9      21.5      21.5      655.7       87.3      53.4      22.0       1.2


Upper Layer Species

Compartment    N2         O2         CO2        CO         HCN        HCL        TUHC       H2O        OD         CT          TS        HCl c     HCl f     HCl uw    HCl lw
               (%)        (%)        (%)        (ppm)      (ppm)      (ppm)      (%)        (%)        (1/m)      (g-min/m3)  kg        (mg/m^2)  (mg/m^2)  (mg/m^2)  (mg/m^2)
---------------------------------------------------------------------------------------------------------------------------------------------------------------------------------
Compartment 1  78.3       20.1      0.257       238.       0.00       0.00       0.00       1.36      3.063E-02   1.21       0.00       0.00      0.00      0.00      0.00


Lower Layer Species

Compartment    N2         O2         CO2        CO         HCN        HCL        TUHC       H2O        OD         CT          TS        HCl c     HCl f     HCl uw    HCl lw
               (%)        (%)        (%)        (ppm)      (ppm)      (ppm)      (%)        (%)        (1/m)      (g-min/m3)  kg        (mg/m^2)  (mg/m^2)  (mg/m^2)  (mg/m^2)
---------------------------------------------------------------------------------------------------------------------------------------------------------------------------------
Compartment 1  78.6       20.5      6.836E-03   6.20       0.00       0.00       0.00      0.804      8.659E-04  1.120E-02   0.00       0.00      0.00      0.00      0.00


Flow Through Vents (kg/s)

To             Through              Upper Layer               Lower Layer           Mixing       Mixing       Trace Species (kg)
Compartment    Vent             Inflow       Outflow      Inflow       Outflow      To Upper     To Lower     Vented     Filtered
-------------------------------------------------------------------------------------------------------------------------------------
Compart        H Outside #1                  0.858        0.649                                  8.904E-02                                                      

Outside        H Comp  1 #1     0.858                                  0.649                                                                                    


Time =    240.0 seconds.

Compartment   Upper     Lower     Inter.    Upper           Upper      Lower     Pressure    Ambient    Floor
              Temp.     Temp.     Height    Vol.            Absorb     Absorb                Target     Target
               (C)      (C)       (m)       (m^3)           (m^-1)     (m^-1)      (Pa)      (W/m^2)    (W/m^2)
-----------------------------------------------------------------------------------------------------------------
Compartment 1 87.50     27.31     1.275     1.51E+02( 72%)  7.043E-02  4.369E-02 -0.627      2.533E+03  2.484E+03


Fires

Compartment    Fire      Plume     Pyrol     Fire      Flame     Fire in   Fire in   Vent      Convec.   Radiat.   Pyrolysate  Trace
                         Flow      Rate      Size      Height    Upper     Lower     Fire
                         (kg/s)    (kg/s)    (W)       (m)       (W)       (W)       (W)         (W)       (W)       (kg)      (kg)
------------------------------------------------------------------------------------------------------------------------------------------
                bunsen   0.618     3.000E-03 1.500E+05  1.38                                   1.005E+05 4.949E+04 0.631        0.00    
              Wood_Wal   0.330     1.650E-03 2.985E+04 0.316                                   2.000E+04 9.850E+03 0.199        0.00    

Compartment 1            0.948     4.650E-03 1.798E+05            0.00     1.798E+05  0.00    


Surfaces and Targets

Compartment    Ceiling   Up wall   Low wall  Floor    Target    Gas       Surface   Center   Flux To      Fire      Surface   Gas
               Temp.     Temp.     Temp.     Temp.              Temp.     Temp.     Temp.    Target       Rad.      Rad.      Rad.      Convect.
               (C)       (C)       (C)       (C)                (C)       (C)       (C)      (W/m^2)      (%)       (%)       (%)       (%)
------------------------------------------------------------------------------------------------------------------------------------------------
Compartment 1   58.9      23.9      22.8      25.6     Floor              25.6                2533.       93.7      16.7       5.3       0.8
                                                         1      87.5      23.1      20.0      575.6        0.0      71.9      37.9      62.9
                                                         2      27.3      21.0      21.0      2495.       92.7      16.5       6.8       0.8
                                                         3      27.3      30.9      30.9      2495.       92.7      16.5       6.8       0.8


Upper Layer Species

Compartment    N2         O2         CO2        CO         HCN        HCL        TUHC       H2O        OD         CT          TS        HCl c     HCl f     HCl uw    HCl lw
               (%)        (%)        (%)        (ppm)      (ppm)      (ppm)      (%)        (%)        (1/m)      (g-min/m3)  kg        (mg/m^2)  (mg/m^2)  (mg/m^2)  (mg/m^2)
---------------------------------------------------------------------------------------------------------------------------------------------------------------------------------
Compartment 1  78.4       19.5      0.633       542.       0.00       0.00       0.00       1.36      9.350E-02   5.98       0.00       0.00      0.00      0.00      0.00


Lower Layer Species

Compartment    N2         O2         CO2        CO         HCN        HCL        TUHC       H2O        OD         CT          TS        HCl c     HCl f     HCl uw    HCl lw
               (%)        (%)        (%)        (ppm)      (ppm)      (ppm)      (%)        (%)        (1/m)      (g-min/m3)  kg        (mg/m^2)  (mg/m^2)  (mg/m^2)  (mg/m^2)
---------------------------------------------------------------------------------------------------------------------------------------------------------------------------------
Compartment 1  79.1       20.6      4.737E-02   42.7       0.00       0.00       0.00      0.255      7.383E-03  0.357       0.00       0.00      0.00      0.00      0.00


Flow Through Vents (kg/s)

To             Through              Upper Layer               Lower Layer           Mixing       Mixing       Trace Species (kg)
Compartment    Vent             Inflow       Outflow      Inflow       Outflow      To Upper     To Lower     Vented     Filtered
-------------------------------------------------------------------------------------------------------------------------------------
Compart        H Outside #1                  0.969        0.959                                  9.357E-02                                                      

Outside        H Comp  1 #1     0.969                                  0.959                                                                                    


Time =    360.0 seconds.

Compartment   Upper     Lower     Inter.    Upper           Upper      Lower     Pressure    Ambient    Floor
              Temp.     Temp.     Height    Vol.            Absorb     Absorb                Target     Target
               (C)      (C)       (m)       (m^3)           (m^-1)     (m^-1)      (Pa)      (W/m^2)    (W/m^2)
-----------------------------------------------------------------------------------------------------------------
Compartment 1 83.93     26.50     1.324     1.49E+02( 71%)  7.270E-02  2.955E-02 -0.562      5.441E+03  5.386E+03


Fires

Compartment    Fire      Plume     Pyrol     Fire      Flame     Fire in   Fire in   Vent      Convec.   Radiat.   Pyrolysate  Trace
                         Flow      Rate      Size      Height    Upper     Lower     Fire
                         (kg/s)    (kg/s)    (W)       (m)       (W)       (W)       (W)         (W)       (W)       (kg)      (kg)
------------------------------------------------------------------------------------------------------------------------------------------
                bunsen   0.601     2.000E-03 9.998E+04  1.12                                   6.698E+04 3.299E+04 0.931        0.00    
              Wood_Wal   0.404     2.475E-03 4.478E+04 0.343                                   3.000E+04 1.478E+04 0.447        0.00    

Compartment 1             1.00     4.475E-03 1.448E+05            0.00     1.448E+05  0.00    


Surfaces and Targets

Compartment    Ceiling   Up wall   Low wall  Floor    Target    Gas       Surface   Center   Flux To      Fire      Surface   Gas
               Temp.     Temp.     Temp.     Temp.              Temp.     Temp.     Temp.    Target       Rad.      Rad.      Rad.      Convect.
               (C)       (C)       (C)       (C)                (C)       (C)       (C)      (W/m^2)      (%)       (%)       (%)       (%)
------------------------------------------------------------------------------------------------------------------------------------------------
Compartment 1   59.6      25.2      23.3      26.3     Floor              26.3                5441.       97.2       7.9       2.2       0.3
                                                         1      83.9      24.4      20.0      547.4        0.0      75.2      39.4      61.9
                                                         2      26.5      22.8      22.8      5400.       96.7       7.8       2.8       0.3
                                                         3      26.5      54.2      54.2      5400.       96.7       7.8       2.8       0.3


Upper Layer Species

Compartment    N2         O2         CO2        CO         HCN        HCL        TUHC       H2O        OD         CT          TS        HCl c     HCl f     HCl uw    HCl lw
               (%)        (%)        (%)        (ppm)      (ppm)      (ppm)      (%)        (%)        (1/m)      (g-min/m3)  kg        (mg/m^2)  (mg/m^2)  (mg/m^2)  (mg/m^2)
---------------------------------------------------------------------------------------------------------------------------------------------------------------------------------
Compartment 1  78.6       19.5      0.728       487.       0.00       0.00       0.00       1.11      0.178       13.4       0.00       0.00      0.00      0.00      0.00


Lower Layer Species

Compartment    N2         O2         CO2        CO         HCN        HCL        TUHC       H2O        OD         CT          TS        HCl c     HCl f     HCl uw    HCl lw
               (%)        (%)        (%)        (ppm)      (ppm)      (ppm)      (%)        (%)        (1/m)      (g-min/m3)  kg        (mg/m^2)  (mg/m^2)  (mg/m^2)  (mg/m^2)
---------------------------------------------------------------------------------------------------------------------------------------------------------------------------------
Compartment 1  79.2       20.6      5.529E-02   42.1       0.00       0.00       0.00      0.123      1.288E-02   1.00       0.00       0.00      0.00      0.00      0.00


Flow Through Vents (kg/s)

To             Through              Upper Layer               Lower Layer           Mixing       Mixing       Trace Species (kg)
Compartment    Vent             Inflow       Outflow      Inflow       Outflow      To Upper     To Lower     Vented     Filtered
-------------------------------------------------------------------------------------------------------------------------------------
Compart        H Outside #1                  0.903        0.928                                  8.013E-02                                                      

Outside        H Comp  1 #1     0.903                                  0.928                                                                                    


Time =    480.0 seconds.

Compartment   Upper     Lower     Inter.    Upper           Upper      Lower     Pressure    Ambient    Floor
              Temp.     Temp.     Height    Vol.            Absorb     Absorb                Target     Target
               (C)      (C)       (m)       (m^3)           (m^-1)     (m^-1)      (Pa)      (W/m^2)    (W/m^2)
-----------------------------------------------------------------------------------------------------------------
Compartment 1 79.62     25.90     1.322     1.49E+02( 71%)  7.665E-02  2.291E-02 -0.515      9.528E+03  9.468E+03


Fires

Compartment    Fire      Plume     Pyrol     Fire      Flame     Fire in   Fire in   Vent      Convec.   Radiat.   Pyrolysate  Trace
                         Flow      Rate      Size      Height    Upper     Lower     Fire
                         (kg/s)    (kg/s)    (W)       (m)       (W)       (W)       (W)         (W)       (W)       (kg)      (kg)
------------------------------------------------------------------------------------------------------------------------------------------
                bunsen   0.568     1.600E-03 7.998E+04 0.992                                   5.359E+04 2.639E+04  1.15        0.00    
              Wood_Wal   0.401     3.300E-03 5.971E+04 0.361                                   4.001E+04 1.970E+04 0.793        0.00    

Compartment 1            0.970     4.900E-03 1.397E+05            0.00     1.397E+05  0.00    


Surfaces and Targets

Compartment    Ceiling   Up wall   Low wall  Floor    Target    Gas       Surface   Center   Flux To      Fire      Surface   Gas
               Temp.     Temp.     Temp.     Temp.              Temp.     Temp.     Temp.    Target       Rad.      Rad.      Rad.      Convect.
               (C)       (C)       (C)       (C)                (C)       (C)       (C)      (W/m^2)      (%)       (%)       (%)       (%)
------------------------------------------------------------------------------------------------------------------------------------------------
Compartment 1   57.9      25.8      23.6      26.9     Floor              26.9                9528.       98.4       4.5       1.2       0.2
                                                         1      79.6      25.1      20.0      510.6        0.0      78.9      42.1      61.0
                                                         2      25.9      25.8      25.8      9477.       98.2       4.5       1.6       0.2
                                                         3      25.9      96.2      96.2      9477.       98.2       4.5       1.6       0.2


Upper Layer Species

Compartment    N2         O2         CO2        CO         HCN        HCL        TUHC       H2O        OD         CT          TS        HCl c     HCl f     HCl uw    HCl lw
               (%)        (%)        (%)        (ppm)      (ppm)      (ppm)      (%)        (%)        (1/m)      (g-min/m3)  kg        (mg/m^2)  (mg/m^2)  (mg/m^2)  (mg/m^2)
---------------------------------------------------------------------------------------------------------------------------------------------------------------------------------
Compartment 1  78.7       19.5      0.748       358.       0.00       0.00       0.00      0.965      0.275       22.2       0.00       0.00      0.00      0.00      0.00


Lower Layer Species

Compartment    N2         O2         CO2        CO         HCN        HCL        TUHC       H2O        OD         CT          TS        HCl c     HCl f     HCl uw    HCl lw
               (%)        (%)        (%)        (ppm)      (ppm)      (ppm)      (%)        (%)        (1/m)      (g-min/m3)  kg        (mg/m^2)  (mg/m^2)  (mg/m^2)  (mg/m^2)
---------------------------------------------------------------------------------------------------------------------------------------------------------------------------------
Compartment 1  79.2       20.6      5.868E-02   34.3       0.00       0.00       0.00      8.870E-02  2.079E-02   1.77       0.00       0.00      0.00      0.00      0.00


Flow Through Vents (kg/s)

To             Through              Upper Layer               Lower Layer           Mixing       Mixing       Trace Species (kg)
Compartment    Vent             Inflow       Outflow      Inflow       Outflow      To Upper     To Lower     Vented     Filtered
-------------------------------------------------------------------------------------------------------------------------------------
Compart        H Outside #1                  0.886        0.890                                  7.772E-02                                                      

Outside        H Comp  1 #1     0.886                                  0.890                                                                                    


Time =    600.0 seconds.

Compartment   Upper     Lower     Inter.    Upper           Upper      Lower     Pressure    Ambient    Floor
              Temp.     Temp.     Height    Vol.            Absorb     Absorb                Target     Target
               (C)      (C)       (m)       (m^3)           (m^-1)     (m^-1)      (Pa)      (W/m^2)    (W/m^2)
-----------------------------------------------------------------------------------------------------------------
Compartment 1 80.07     25.94     1.325     1.49E+02( 71%)  8.253E-02  2.653E-02 -0.507      1.477E+04  1.470E+04


Fires

Compartment    Fire      Plume     Pyrol     Fire      Flame     Fire in   Fire in   Vent      Convec.   Radiat.   Pyrolysate  Trace
                         Flow      Rate      Size      Height    Upper     Lower     Fire
                         (kg/s)    (kg/s)    (W)       (m)       (W)       (W)       (W)         (W)       (W)       (kg)      (kg)
------------------------------------------------------------------------------------------------------------------------------------------
                bunsen   0.562     1.500E-03 7.498E+04 0.957                                   5.024E+04 2.474E+04  1.33        0.00    
              Wood_Wal   0.394     4.125E-03 7.464E+04 0.373                                   5.001E+04 2.463E+04  1.24        0.00    

Compartment 1            0.956     5.625E-03 1.496E+05            0.00     1.496E+05  0.00    


Surfaces and Targets

Compartment    Ceiling   Up wall   Low wall  Floor    Target    Gas       Surface   Center   Flux To      Fire      Surface   Gas
               Temp.     Temp.     Temp.     Temp.              Temp.     Temp.     Temp.    Target       Rad.      Rad.      Rad.      Convect.
               (C)       (C)       (C)       (C)                (C)       (C)       (C)      (W/m^2)      (%)       (%)       (%)       (%)
------------------------------------------------------------------------------------------------------------------------------------------------
Compartment 1   58.5      26.6      24.1      27.7     Floor              27.7               1.4768E+04   98.9       2.9       0.9       0.1
                                                         1      80.1      25.7      20.1      523.7        0.0      76.0      43.9      60.0
                                                         2      25.9      30.4      30.4     1.4706E+04   98.8       2.8       1.1       0.1
                                                         3      25.9      160.      160.     1.4706E+04   98.8       2.8       1.1       0.1


Upper Layer Species

Compartment    N2         O2         CO2        CO         HCN        HCL        TUHC       H2O        OD         CT          TS        HCl c     HCl f     HCl uw    HCl lw
               (%)        (%)        (%)        (ppm)      (ppm)      (ppm)      (%)        (%)        (1/m)      (g-min/m3)  kg        (mg/m^2)  (mg/m^2)  (mg/m^2)  (mg/m^2)
---------------------------------------------------------------------------------------------------------------------------------------------------------------------------------
Compartment 1  78.7       19.5      0.783       277.       0.00       0.00       0.00      0.934      0.377       32.1       0.00       0.00      0.00      0.00      0.00


Lower Layer Species

Compartment    N2         O2         CO2        CO         HCN        HCL        TUHC       H2O        OD         CT          TS        HCl c     HCl f     HCl uw    HCl lw
               (%)        (%)        (%)        (ppm)      (ppm)      (ppm)      (%)        (%)        (1/m)      (g-min/m3)  kg        (mg/m^2)  (mg/m^2)  (mg/m^2)  (mg/m^2)
---------------------------------------------------------------------------------------------------------------------------------------------------------------------------------
Compartment 1  79.2       20.6      6.048E-02   25.9       0.00       0.00       0.00      7.723E-02  2.954E-02   2.63       0.00       0.00      0.00      0.00      0.00


Flow Through Vents (kg/s)

To             Through              Upper Layer               Lower Layer           Mixing       Mixing       Trace Species (kg)
Compartment    Vent             Inflow       Outflow      Inflow       Outflow      To Upper     To Lower     Vented     Filtered
-------------------------------------------------------------------------------------------------------------------------------------
Compart        H Outside #1                  0.893        0.877                                  7.486E-02                                                      

Outside        H Comp  1 #1     0.893                                  0.877                                                                                    


Time =    720.0 seconds.

Compartment   Upper     Lower     Inter.    Upper           Upper      Lower     Pressure    Ambient    Floor
              Temp.     Temp.     Height    Vol.            Absorb     Absorb                Target     Target
               (C)      (C)       (m)       (m^3)           (m^-1)     (m^-1)      (Pa)      (W/m^2)    (W/m^2)
-----------------------------------------------------------------------------------------------------------------
Compartment 1 84.14     26.25     1.336     1.49E+02( 71%)  8.964E-02  2.654E-02 -0.521      2.119E+04  2.112E+04


Fires

Compartment    Fire      Plume     Pyrol     Fire      Flame     Fire in   Fire in   Vent      Convec.   Radiat.   Pyrolysate  Trace
                         Flow      Rate      Size      Height    Upper     Lower     Fire
                         (kg/s)    (kg/s)    (W)       (m)       (W)       (W)       (W)         (W)       (W)       (kg)      (kg)
------------------------------------------------------------------------------------------------------------------------------------------
                bunsen   0.570     1.500E-03 7.498E+04 0.957                                   5.024E+04 2.474E+04  1.51        0.00    
              Wood_Wal   0.388     4.950E-03 8.957E+04 0.383                                   6.001E+04 2.956E+04  1.78        0.00    

Compartment 1            0.959     6.450E-03 1.646E+05            0.00     1.646E+05  0.00    


Surfaces and Targets

Compartment    Ceiling   Up wall   Low wall  Floor    Target    Gas       Surface   Center   Flux To      Fire      Surface   Gas
               Temp.     Temp.     Temp.     Temp.              Temp.     Temp.     Temp.    Target       Rad.      Rad.      Rad.      Convect.
               (C)       (C)       (C)       (C)                (C)       (C)       (C)      (W/m^2)      (%)       (%)       (%)       (%)
------------------------------------------------------------------------------------------------------------------------------------------------
Compartment 1   61.4      27.5      24.7      28.8     Floor              28.8               2.1193E+04   99.2       2.1       0.7       0.1
                                                         1      84.1      26.5      20.2      577.2        0.0      68.9      44.7      59.0
                                                         2      26.3      36.9      36.9     2.1120E+04   99.1       2.0       0.8       0.1
                                                         3      26.3      248.      248.     2.1120E+04   99.1       2.0       0.8       0.1


Upper Layer Species

Compartment    N2         O2         CO2        CO         HCN        HCL        TUHC       H2O        OD         CT          TS        HCl c     HCl f     HCl uw    HCl lw
               (%)        (%)        (%)        (ppm)      (ppm)      (ppm)      (%)        (%)        (1/m)      (g-min/m3)  kg        (mg/m^2)  (mg/m^2)  (mg/m^2)  (mg/m^2)
---------------------------------------------------------------------------------------------------------------------------------------------------------------------------------
Compartment 1  78.7       19.4      0.845       250.       0.00       0.00       0.00      0.978      0.476       43.4       0.00       0.00      0.00      0.00      0.00


Lower Layer Species

Compartment    N2         O2         CO2        CO         HCN        HCL        TUHC       H2O        OD         CT          TS        HCl c     HCl f     HCl uw    HCl lw
               (%)        (%)        (%)        (ppm)      (ppm)      (ppm)      (%)        (%)        (1/m)      (g-min/m3)  kg        (mg/m^2)  (mg/m^2)  (mg/m^2)  (mg/m^2)
---------------------------------------------------------------------------------------------------------------------------------------------------------------------------------
Compartment 1  79.2       20.6      6.240E-02   21.0       0.00       0.00       0.00      7.415E-02  3.790E-02   3.60       0.00       0.00      0.00      0.00      0.00


Flow Through Vents (kg/s)

To             Through              Upper Layer               Lower Layer           Mixing       Mixing       Trace Species (kg)
Compartment    Vent             Inflow       Outflow      Inflow       Outflow      To Upper     To Lower     Vented     Filtered
-------------------------------------------------------------------------------------------------------------------------------------
Compart        H Outside #1                  0.908        0.886                                  7.196E-02                                                      

Outside        H Comp  1 #1     0.908                                  0.886                                                                                    


Time =    840.0 seconds.

Compartment   Upper     Lower     Inter.    Upper           Upper      Lower     Pressure    Ambient    Floor
              Temp.     Temp.     Height    Vol.            Absorb     Absorb                Target     Target
               (C)      (C)       (m)       (m^3)           (m^-1)     (m^-1)      (Pa)      (W/m^2)    (W/m^2)
-----------------------------------------------------------------------------------------------------------------
Compartment 1 88.78     26.65     1.345     1.48E+02( 71%)  9.706E-02  2.693E-02 -0.542      2.747E+04  2.738E+04


Fires

Compartment    Fire      Plume     Pyrol     Fire      Flame     Fire in   Fire in   Vent      Convec.   Radiat.   Pyrolysate  Trace
                         Flow      Rate      Size      Height    Upper     Lower     Fire
                         (kg/s)    (kg/s)    (W)       (m)       (W)       (W)       (W)         (W)       (W)       (kg)      (kg)
------------------------------------------------------------------------------------------------------------------------------------------
                bunsen   0.578     1.500E-03 7.498E+04 0.957                                   5.024E+04 2.474E+04  1.69        0.00    
              Wood_Wal   0.401     5.775E-03 1.045E+05 0.390                                   7.002E+04 3.449E+04  2.43        0.00    

Compartment 1            0.978     7.275E-03 1.795E+05            0.00     1.795E+05  0.00    


Surfaces and Targets

Compartment    Ceiling   Up wall   Low wall  Floor    Target    Gas       Surface   Center   Flux To      Fire      Surface   Gas
               Temp.     Temp.     Temp.     Temp.              Temp.     Temp.     Temp.    Target       Rad.      Rad.      Rad.      Convect.
               (C)       (C)       (C)       (C)                (C)       (C)       (C)      (W/m^2)      (%)       (%)       (%)       (%)
------------------------------------------------------------------------------------------------------------------------------------------------
Compartment 1   65.0      28.6      25.4      29.9     Floor              29.9               2.7466E+04   99.3       1.6       0.6       0.1
                                                         1      88.8      27.4      20.3      640.0        0.0      62.2      45.4      57.9
                                                         2      26.6      45.7      45.7     2.7648E+04   99.2       1.5       0.7       0.1
                                                         3      26.6      353.      353.     2.7648E+04   99.2       1.5       0.7       0.1


Upper Layer Species

Compartment    N2         O2         CO2        CO         HCN        HCL        TUHC       H2O        OD         CT          TS        HCl c     HCl f     HCl uw    HCl lw
               (%)        (%)        (%)        (ppm)      (ppm)      (ppm)      (%)        (%)        (1/m)      (g-min/m3)  kg        (mg/m^2)  (mg/m^2)  (mg/m^2)  (mg/m^2)
---------------------------------------------------------------------------------------------------------------------------------------------------------------------------------
Compartment 1  78.7       19.3      0.916       250.       0.00       0.00       0.00       1.05      0.570       56.1       0.00       0.00      0.00      0.00      0.00


Lower Layer Species

Compartment    N2         O2         CO2        CO         HCN        HCL        TUHC       H2O        OD         CT          TS        HCl c     HCl f     HCl uw    HCl lw
               (%)        (%)        (%)        (ppm)      (ppm)      (ppm)      (%)        (%)        (1/m)      (g-min/m3)  kg        (mg/m^2)  (mg/m^2)  (mg/m^2)  (mg/m^2)
---------------------------------------------------------------------------------------------------------------------------------------------------------------------------------
Compartment 1  79.2       20.6      6.442E-02   18.7       0.00       0.00       0.00      7.462E-02  4.513E-02   4.67       0.00       0.00      0.00      0.00      0.00


Flow Through Vents (kg/s)

To             Through              Upper Layer               Lower Layer           Mixing       Mixing       Trace Species (kg)
Compartment    Vent             Inflow       Outflow      Inflow       Outflow      To Upper     To Lower     Vented     Filtered
-------------------------------------------------------------------------------------------------------------------------------------
Compart        H Outside #1                  0.924        0.901                                  7.012E-02                                                      

Outside        H Comp  1 #1     0.924                                  0.901                                                                                    


Time =    960.0 seconds.

Compartment   Upper     Lower     Inter.    Upper           Upper      Lower     Pressure    Ambient    Floor
              Temp.     Temp.     Height    Vol.            Absorb     Absorb                Target     Target
               (C)      (C)       (m)       (m^3)           (m^-1)     (m^-1)      (Pa)      (W/m^2)    (W/m^2)
-----------------------------------------------------------------------------------------------------------------
Compartment 1 93.24     27.19     1.346     1.48E+02( 71%)  0.104      2.899E-02 -0.573      2.406E+04  2.396E+04


Fires

Compartment    Fire      Plume     Pyrol     Fire      Flame     Fire in   Fire in   Vent      Convec.   Radiat.   Pyrolysate  Trace
                         Flow      Rate      Size      Height    Upper     Lower     Fire
                         (kg/s)    (kg/s)    (W)       (m)       (W)       (W)       (W)         (W)       (W)       (kg)      (kg)
------------------------------------------------------------------------------------------------------------------------------------------
                bunsen   0.579     1.500E-03 7.498E+04 0.957                                   5.024E+04 2.474E+04  1.87        0.00    
              Wood_Wal   0.420     6.600E-03 1.194E+05 0.396                                   8.003E+04 3.942E+04  3.17        0.00    

Compartment 1            0.999     8.100E-03 1.944E+05            0.00     1.944E+05  0.00    


Surfaces and Targets

Compartment    Ceiling   Up wall   Low wall  Floor    Target    Gas       Surface   Center   Flux To      Fire      Surface   Gas
               Temp.     Temp.     Temp.     Temp.              Temp.     Temp.     Temp.    Target       Rad.      Rad.      Rad.      Convect.
               (C)       (C)       (C)       (C)                (C)       (C)       (C)      (W/m^2)      (%)       (%)       (%)       (%)
------------------------------------------------------------------------------------------------------------------------------------------------
Compartment 1   68.7      29.8      26.1      31.1     Floor              31.1               2.4056E+04   99.1       1.8       0.7       0.1
                                                         1      93.2      28.4      20.5      702.8        0.0      56.8      45.9      56.9
                                                         2      27.2      54.5      54.5     2.4200E+04   99.0       1.8       0.9       0.1
                                                         3      27.2      428.      428.     2.4200E+04   99.0       1.8       0.9       0.1


Upper Layer Species

Compartment    N2         O2         CO2        CO         HCN        HCL        TUHC       H2O        OD         CT          TS        HCl c     HCl f     HCl uw    HCl lw
               (%)        (%)        (%)        (ppm)      (ppm)      (ppm)      (%)        (%)        (1/m)      (g-min/m3)  kg        (mg/m^2)  (mg/m^2)  (mg/m^2)  (mg/m^2)
---------------------------------------------------------------------------------------------------------------------------------------------------------------------------------
Compartment 1  78.6       19.2      0.985       260.       0.00       0.00       0.00       1.14      0.655       70.2       0.00       0.00      0.00      0.00      0.00


Lower Layer Species

Compartment    N2         O2         CO2        CO         HCN        HCL        TUHC       H2O        OD         CT          TS        HCl c     HCl f     HCl uw    HCl lw
               (%)        (%)        (%)        (ppm)      (ppm)      (ppm)      (%)        (%)        (1/m)      (g-min/m3)  kg        (mg/m^2)  (mg/m^2)  (mg/m^2)  (mg/m^2)
---------------------------------------------------------------------------------------------------------------------------------------------------------------------------------
Compartment 1  79.2       20.6      6.767E-02   18.3       0.00       0.00       0.00      7.807E-02  5.229E-02   5.83       0.00       0.00      0.00      0.00      0.00


Flow Through Vents (kg/s)

To             Through              Upper Layer               Lower Layer           Mixing       Mixing       Trace Species (kg)
Compartment    Vent             Inflow       Outflow      Inflow       Outflow      To Upper     To Lower     Vented     Filtered
-------------------------------------------------------------------------------------------------------------------------------------
Compart        H Outside #1                  0.944        0.920                                  7.001E-02                                                      

Outside        H Comp  1 #1     0.944                                  0.920                                                                                    


Time =   1080.0 seconds.

Compartment   Upper     Lower     Inter.    Upper           Upper      Lower     Pressure    Ambient    Floor
              Temp.     Temp.     Height    Vol.            Absorb     Absorb                Target     Target
               (C)      (C)       (m)       (m^3)           (m^-1)     (m^-1)      (Pa)      (W/m^2)    (W/m^2)
-----------------------------------------------------------------------------------------------------------------
Compartment 1 97.69     27.72     1.349     1.48E+02( 71%)  0.111      3.010E-02 -0.602      2.141E+04  2.130E+04


Fires

Compartment    Fire      Plume     Pyrol     Fire      Flame     Fire in   Fire in   Vent      Convec.   Radiat.   Pyrolysate  Trace
                         Flow      Rate      Size      Height    Upper     Lower     Fire
                         (kg/s)    (kg/s)    (W)       (m)       (W)       (W)       (W)         (W)       (W)       (kg)      (kg)
------------------------------------------------------------------------------------------------------------------------------------------
                bunsen   0.581     1.500E-03 7.498E+04 0.957                                   5.024E+04 2.474E+04  2.05        0.00    
              Wood_Wal   0.435     7.425E-03 1.344E+05 0.400                                   9.003E+04 4.434E+04  4.01        0.00    

Compartment 1             1.02     8.925E-03 2.094E+05            0.00     2.094E+05  0.00    


Surfaces and Targets

Compartment    Ceiling   Up wall   Low wall  Floor    Target    Gas       Surface   Center   Flux To      Fire      Surface   Gas
               Temp.     Temp.     Temp.     Temp.              Temp.     Temp.     Temp.    Target       Rad.      Rad.      Rad.      Convect.
               (C)       (C)       (C)       (C)                (C)       (C)       (C)      (W/m^2)      (%)       (%)       (%)       (%)
------------------------------------------------------------------------------------------------------------------------------------------------
Compartment 1   72.4      31.0      26.9      32.3     Floor              32.3               2.1410E+04   98.9       2.1       0.9       0.1
                                                         1      97.7      29.4      20.7      767.5        0.0      52.2      46.4      55.9
                                                         2      27.7      61.6      61.6     2.1530E+04   98.7       2.0       1.1       0.1
                                                         3      27.7      457.      457.     2.1530E+04   98.7       2.0       1.1       0.1


Upper Layer Species

Compartment    N2         O2         CO2        CO         HCN        HCL        TUHC       H2O        OD         CT          TS        HCl c     HCl f     HCl uw    HCl lw
               (%)        (%)        (%)        (ppm)      (ppm)      (ppm)      (%)        (%)        (1/m)      (g-min/m3)  kg        (mg/m^2)  (mg/m^2)  (mg/m^2)  (mg/m^2)
---------------------------------------------------------------------------------------------------------------------------------------------------------------------------------
Compartment 1  78.5       19.1       1.05       277.       0.00       0.00       0.00       1.23      0.734       85.6       0.00       0.00      0.00      0.00      0.00


Lower Layer Species

Compartment    N2         O2         CO2        CO         HCN        HCL        TUHC       H2O        OD         CT          TS        HCl c     HCl f     HCl uw    HCl lw
               (%)        (%)        (%)        (ppm)      (ppm)      (ppm)      (%)        (%)        (1/m)      (g-min/m3)  kg        (mg/m^2)  (mg/m^2)  (mg/m^2)  (mg/m^2)
---------------------------------------------------------------------------------------------------------------------------------------------------------------------------------
Compartment 1  79.2       20.6      7.088E-02   18.8       0.00       0.00       0.00      8.222E-02  5.874E-02   7.09       0.00       0.00      0.00      0.00      0.00


Flow Through Vents (kg/s)

To             Through              Upper Layer               Lower Layer           Mixing       Mixing       Trace Species (kg)
Compartment    Vent             Inflow       Outflow      Inflow       Outflow      To Upper     To Lower     Vented     Filtered
-------------------------------------------------------------------------------------------------------------------------------------
Compart        H Outside #1                  0.961        0.938                                  6.944E-02                                                      

Outside        H Comp  1 #1     0.961                                  0.938                                                                                    


Time =   1200.0 seconds.

Compartment   Upper     Lower     Inter.    Upper           Upper      Lower     Pressure    Ambient    Floor
              Temp.     Temp.     Height    Vol.            Absorb     Absorb                Target     Target
               (C)      (C)       (m)       (m^3)           (m^-1)     (m^-1)      (Pa)      (W/m^2)    (W/m^2)
-----------------------------------------------------------------------------------------------------------------
Compartment 1 102.1     28.25     1.353     1.48E+02( 71%)  0.117      3.111E-02 -0.629      1.930E+04  1.917E+04


Fires

Compartment    Fire      Plume     Pyrol     Fire      Flame     Fire in   Fire in   Vent      Convec.   Radiat.   Pyrolysate  Trace
                         Flow      Rate      Size      Height    Upper     Lower     Fire
                         (kg/s)    (kg/s)    (W)       (m)       (W)       (W)       (W)         (W)       (W)       (kg)      (kg)
------------------------------------------------------------------------------------------------------------------------------------------
                bunsen   0.584     1.500E-03 7.498E+04 0.957                                   5.024E+04 2.474E+04  2.23        0.00    
              Wood_Wal   0.446     8.250E-03 1.493E+05 0.403                                   1.000E+05 4.927E+04  4.95        0.00    

Compartment 1             1.03     9.750E-03 2.243E+05            0.00     2.243E+05  0.00    


Surfaces and Targets

Compartment    Ceiling   Up wall   Low wall  Floor    Target    Gas       Surface   Center   Flux To      Fire      Surface   Gas
               Temp.     Temp.     Temp.     Temp.              Temp.     Temp.     Temp.    Target       Rad.      Rad.      Rad.      Convect.
               (C)       (C)       (C)       (C)                (C)       (C)       (C)      (W/m^2)      (%)       (%)       (%)       (%)
------------------------------------------------------------------------------------------------------------------------------------------------
Compartment 1   76.1      32.3      27.7      33.6     Floor              33.6               1.9297E+04   98.6       2.4       1.1       0.1
                                                         1      102.      30.5      20.9      833.9        0.0      48.3      46.9      55.0
                                                         2      28.2      67.5      67.5     1.9399E+04   98.4       2.3       1.4       0.1
                                                         3      28.2      462.      462.     1.9399E+04   98.4       2.3       1.4       0.1


Upper Layer Species

Compartment    N2         O2         CO2        CO         HCN        HCL        TUHC       H2O        OD         CT          TS        HCl c     HCl f     HCl uw    HCl lw
               (%)        (%)        (%)        (ppm)      (ppm)      (ppm)      (%)        (%)        (1/m)      (g-min/m3)  kg        (mg/m^2)  (mg/m^2)  (mg/m^2)  (mg/m^2)
---------------------------------------------------------------------------------------------------------------------------------------------------------------------------------
Compartment 1  78.5       19.0       1.12       297.       0.00       0.00       0.00       1.32      0.809       102.       0.00       0.00      0.00      0.00      0.00


Lower Layer Species

Compartment    N2         O2         CO2        CO         HCN        HCL        TUHC       H2O        OD         CT          TS        HCl c     HCl f     HCl uw    HCl lw
               (%)        (%)        (%)        (ppm)      (ppm)      (ppm)      (%)        (%)        (1/m)      (g-min/m3)  kg        (mg/m^2)  (mg/m^2)  (mg/m^2)  (mg/m^2)
---------------------------------------------------------------------------------------------------------------------------------------------------------------------------------
Compartment 1  79.2       20.6      7.372E-02   19.5       0.00       0.00       0.00      8.623E-02  6.436E-02   8.44       0.00       0.00      0.00      0.00      0.00


Flow Through Vents (kg/s)

To             Through              Upper Layer               Lower Layer           Mixing       Mixing       Trace Species (kg)
Compartment    Vent             Inflow       Outflow      Inflow       Outflow      To Upper     To Lower     Vented     Filtered
-------------------------------------------------------------------------------------------------------------------------------------
Compart        H Outside #1                  0.977        0.953                                  6.842E-02                                                      

Outside        H Comp  1 #1     0.977                                  0.953                                                                                    


Time =   1320.0 seconds.

Compartment   Upper     Lower     Inter.    Upper           Upper      Lower     Pressure    Ambient    Floor
              Temp.     Temp.     Height    Vol.            Absorb     Absorb                Target     Target
               (C)      (C)       (m)       (m^3)           (m^-1)     (m^-1)      (Pa)      (W/m^2)    (W/m^2)
-----------------------------------------------------------------------------------------------------------------
Compartment 1 106.5     28.77     1.357     1.48E+02( 70%)  0.125      3.195E-02 -0.655      1.757E+04  1.743E+04


Fires

Compartment    Fire      Plume     Pyrol     Fire      Flame     Fire in   Fire in   Vent      Convec.   Radiat.   Pyrolysate  Trace
                         Flow      Rate      Size      Height    Upper     Lower     Fire
                         (kg/s)    (kg/s)    (W)       (m)       (W)       (W)       (W)         (W)       (W)       (kg)      (kg)
------------------------------------------------------------------------------------------------------------------------------------------
                bunsen   0.588     1.500E-03 7.498E+04 0.957                                   5.024E+04 2.474E+04  2.41        0.00    
              Wood_Wal   0.455     9.075E-03 1.643E+05 0.406                                   1.100E+05 5.420E+04  5.99        0.00    

Compartment 1             1.04     1.057E-02 2.392E+05            0.00     2.392E+05  0.00    


Surfaces and Targets

Compartment    Ceiling   Up wall   Low wall  Floor    Target    Gas       Surface   Center   Flux To      Fire      Surface   Gas
               Temp.     Temp.     Temp.     Temp.              Temp.     Temp.     Temp.    Target       Rad.      Rad.      Rad.      Convect.
               (C)       (C)       (C)       (C)                (C)       (C)       (C)      (W/m^2)      (%)       (%)       (%)       (%)
------------------------------------------------------------------------------------------------------------------------------------------------
Compartment 1   79.9      33.7      28.6      34.9     Floor              34.9               1.7572E+04   98.3       2.6       1.3       0.2
                                                         1      106.      31.6      21.2      903.4        0.0      44.7      47.7      54.0
                                                         2      28.8      72.4      72.4     1.7664E+04   98.1       2.5       1.6       0.2
                                                         3      28.8      456.      456.     1.7664E+04   98.1       2.5       1.6       0.2


Upper Layer Species

Compartment    N2         O2         CO2        CO         HCN        HCL        TUHC       H2O        OD         CT          TS        HCl c     HCl f     HCl uw    HCl lw
               (%)        (%)        (%)        (ppm)      (ppm)      (ppm)      (%)        (%)        (1/m)      (g-min/m3)  kg        (mg/m^2)  (mg/m^2)  (mg/m^2)  (mg/m^2)
---------------------------------------------------------------------------------------------------------------------------------------------------------------------------------
Compartment 1  78.4       18.9       1.19       318.       0.00       0.00       0.00       1.41      0.880       120.       0.00       0.00      0.00      0.00      0.00


Lower Layer Species

Compartment    N2         O2         CO2        CO         HCN        HCL        TUHC       H2O        OD         CT          TS        HCl c     HCl f     HCl uw    HCl lw
               (%)        (%)        (%)        (ppm)      (ppm)      (ppm)      (%)        (%)        (1/m)      (g-min/m3)  kg        (mg/m^2)  (mg/m^2)  (mg/m^2)  (mg/m^2)
---------------------------------------------------------------------------------------------------------------------------------------------------------------------------------
Compartment 1  79.2       20.6      7.605E-02   20.2       0.00       0.00       0.00      8.975E-02  6.914E-02   9.86       0.00       0.00      0.00      0.00      0.00


Flow Through Vents (kg/s)

To             Through              Upper Layer               Lower Layer           Mixing       Mixing       Trace Species (kg)
Compartment    Vent             Inflow       Outflow      Inflow       Outflow      To Upper     To Lower     Vented     Filtered
-------------------------------------------------------------------------------------------------------------------------------------
Compart        H Outside #1                  0.990        0.966                                  6.695E-02                                                      

Outside        H Comp  1 #1     0.990                                  0.966                                                                                    


Time =   1440.0 seconds.

Compartment   Upper     Lower     Inter.    Upper           Upper      Lower     Pressure    Ambient    Floor
              Temp.     Temp.     Height    Vol.            Absorb     Absorb                Target     Target
               (C)      (C)       (m)       (m^3)           (m^-1)     (m^-1)      (Pa)      (W/m^2)    (W/m^2)
-----------------------------------------------------------------------------------------------------------------
Compartment 1 110.9     29.29     1.362     1.47E+02( 70%)  0.131      3.262E-02 -0.678      1.614E+04  1.599E+04


Fires

Compartment    Fire      Plume     Pyrol     Fire      Flame     Fire in   Fire in   Vent      Convec.   Radiat.   Pyrolysate  Trace
                         Flow      Rate      Size      Height    Upper     Lower     Fire
                         (kg/s)    (kg/s)    (W)       (m)       (W)       (W)       (W)         (W)       (W)       (kg)      (kg)
------------------------------------------------------------------------------------------------------------------------------------------
                bunsen   0.592     1.500E-03 7.498E+04 0.957                                   5.024E+04 2.474E+04  2.59        0.00    
              Wood_Wal   0.461     9.900E-03 1.792E+05 0.407                                   1.201E+05 5.913E+04  7.13        0.00    

Compartment 1             1.05     1.140E-02 2.542E+05            0.00     2.542E+05  0.00    


Surfaces and Targets

Compartment    Ceiling   Up wall   Low wall  Floor    Target    Gas       Surface   Center   Flux To      Fire      Surface   Gas
               Temp.     Temp.     Temp.     Temp.              Temp.     Temp.     Temp.    Target       Rad.      Rad.      Rad.      Convect.
               (C)       (C)       (C)       (C)                (C)       (C)       (C)      (W/m^2)      (%)       (%)       (%)       (%)
------------------------------------------------------------------------------------------------------------------------------------------------
Compartment 1   83.7      35.1      29.5      36.2     Floor              36.2               1.6139E+04   98.0       2.9       1.5       0.2
                                                         1      111.      32.8      21.4      973.0        0.0      41.8      48.0      53.2
                                                         2      29.3      76.5      76.5     1.6223E+04   97.7       2.8       1.9       0.2
                                                         3      29.3      446.      446.     1.6223E+04   97.7       2.8       1.9       0.2


Upper Layer Species

Compartment    N2         O2         CO2        CO         HCN        HCL        TUHC       H2O        OD         CT          TS        HCl c     HCl f     HCl uw    HCl lw
               (%)        (%)        (%)        (ppm)      (ppm)      (ppm)      (%)        (%)        (1/m)      (g-min/m3)  kg        (mg/m^2)  (mg/m^2)  (mg/m^2)  (mg/m^2)
---------------------------------------------------------------------------------------------------------------------------------------------------------------------------------
Compartment 1  78.3       18.8       1.26       340.       0.00       0.00       0.00       1.51      0.949       139.       0.00       0.00      0.00      0.00      0.00


Lower Layer Species

Compartment    N2         O2         CO2        CO         HCN        HCL        TUHC       H2O        OD         CT          TS        HCl c     HCl f     HCl uw    HCl lw
               (%)        (%)        (%)        (ppm)      (ppm)      (ppm)      (%)        (%)        (1/m)      (g-min/m3)  kg        (mg/m^2)  (mg/m^2)  (mg/m^2)  (mg/m^2)
---------------------------------------------------------------------------------------------------------------------------------------------------------------------------------
Compartment 1  79.2       20.6      7.788E-02   20.9       0.00       0.00       0.00      9.269E-02  7.315E-02   11.4       0.00       0.00      0.00      0.00      0.00


Flow Through Vents (kg/s)

To             Through              Upper Layer               Lower Layer           Mixing       Mixing       Trace Species (kg)
Compartment    Vent             Inflow       Outflow      Inflow       Outflow      To Upper     To Lower     Vented     Filtered
-------------------------------------------------------------------------------------------------------------------------------------
Compart        H Outside #1                  1.00         0.978                                  6.516E-02                                                      

Outside        H Comp  1 #1     1.00                                   0.978                                                                                    


Time =   1560.0 seconds.

Compartment   Upper     Lower     Inter.    Upper           Upper      Lower     Pressure    Ambient    Floor
              Temp.     Temp.     Height    Vol.            Absorb     Absorb                Target     Target
               (C)      (C)       (m)       (m^3)           (m^-1)     (m^-1)      (Pa)      (W/m^2)    (W/m^2)
-----------------------------------------------------------------------------------------------------------------
Compartment 1 115.5     29.77     1.374     1.47E+02( 70%)  0.138      3.299E-02 -0.694      1.493E+04  1.477E+04


Fires

Compartment    Fire      Plume     Pyrol     Fire      Flame     Fire in   Fire in   Vent      Convec.   Radiat.   Pyrolysate  Trace
                         Flow      Rate      Size      Height    Upper     Lower     Fire
                         (kg/s)    (kg/s)    (W)       (m)       (W)       (W)       (W)         (W)       (W)       (kg)      (kg)
------------------------------------------------------------------------------------------------------------------------------------------
                bunsen   0.581     1.500E-03 7.498E+04 0.957                                   5.023E+04 2.474E+04  2.77        0.00    
              Wood_Wal   0.466     1.072E-02 1.941E+05 0.409                                   1.301E+05 6.406E+04  8.37        0.00    

Compartment 1             1.05     1.222E-02 2.691E+05            0.00     2.691E+05  0.00    


Surfaces and Targets

Compartment    Ceiling   Up wall   Low wall  Floor    Target    Gas       Surface   Center   Flux To      Fire      Surface   Gas
               Temp.     Temp.     Temp.     Temp.              Temp.     Temp.     Temp.    Target       Rad.      Rad.      Rad.      Convect.
               (C)       (C)       (C)       (C)                (C)       (C)       (C)      (W/m^2)      (%)       (%)       (%)       (%)
------------------------------------------------------------------------------------------------------------------------------------------------
Compartment 1   87.5      36.6      30.4      37.5     Floor              37.5               1.4933E+04   97.6       3.2       1.8       0.2
                                                         1      115.      34.0      21.8      1048.        0.0      39.2      48.4      52.4
                                                         2      29.8      79.8      79.8     1.5012E+04   97.3       3.0       2.2       0.2
                                                         3      29.8      434.      434.     1.5012E+04   97.3       3.0       2.2       0.2


Upper Layer Species

Compartment    N2         O2         CO2        CO         HCN        HCL        TUHC       H2O        OD         CT          TS        HCl c     HCl f     HCl uw    HCl lw
               (%)        (%)        (%)        (ppm)      (ppm)      (ppm)      (%)        (%)        (1/m)      (g-min/m3)  kg        (mg/m^2)  (mg/m^2)  (mg/m^2)  (mg/m^2)
---------------------------------------------------------------------------------------------------------------------------------------------------------------------------------
Compartment 1  78.3       18.7       1.33       363.       0.00       0.00       0.00       1.60       1.02       159.       0.00       0.00      0.00      0.00      0.00


Lower Layer Species

Compartment    N2         O2         CO2        CO         HCN        HCL        TUHC       H2O        OD         CT          TS        HCl c     HCl f     HCl uw    HCl lw
               (%)        (%)        (%)        (ppm)      (ppm)      (ppm)      (%)        (%)        (1/m)      (g-min/m3)  kg        (mg/m^2)  (mg/m^2)  (mg/m^2)  (mg/m^2)
---------------------------------------------------------------------------------------------------------------------------------------------------------------------------------
Compartment 1  79.2       20.6      7.885E-02   21.4       0.00       0.00       0.00      9.454E-02  7.605E-02   12.9       0.00       0.00      0.00      0.00      0.00


Flow Through Vents (kg/s)

To             Through              Upper Layer               Lower Layer           Mixing       Mixing       Trace Species (kg)
Compartment    Vent             Inflow       Outflow      Inflow       Outflow      To Upper     To Lower     Vented     Filtered
-------------------------------------------------------------------------------------------------------------------------------------
Compart        H Outside #1                  1.01         0.983                                  6.134E-02                                                      

Outside        H Comp  1 #1     1.01                                   0.983                                                                                    


Time =   1680.0 seconds.

Compartment   Upper     Lower     Inter.    Upper           Upper      Lower     Pressure    Ambient    Floor
              Temp.     Temp.     Height    Vol.            Absorb     Absorb                Target     Target
               (C)      (C)       (m)       (m^3)           (m^-1)     (m^-1)      (Pa)      (W/m^2)    (W/m^2)
-----------------------------------------------------------------------------------------------------------------
Compartment 1 120.7     30.03     1.401     1.46E+02( 70%)  0.145      3.211E-02 -0.689      1.392E+04  1.373E+04


Fires

Compartment    Fire      Plume     Pyrol     Fire      Flame     Fire in   Fire in   Vent      Convec.   Radiat.   Pyrolysate  Trace
                         Flow      Rate      Size      Height    Upper     Lower     Fire
                         (kg/s)    (kg/s)    (W)       (m)       (W)       (W)       (W)         (W)       (W)       (kg)      (kg)
------------------------------------------------------------------------------------------------------------------------------------------
                bunsen   0.549     1.500E-03 7.498E+04 0.957                                   5.023E+04 2.474E+04  2.95        0.00    
              Wood_Wal   0.479     1.155E-02 2.091E+05 0.409                                   1.401E+05 6.900E+04  9.71        0.00    

Compartment 1             1.03     1.305E-02 2.841E+05            0.00     2.841E+05  0.00    


Surfaces and Targets

Compartment    Ceiling   Up wall   Low wall  Floor    Target    Gas       Surface   Center   Flux To      Fire      Surface   Gas
               Temp.     Temp.     Temp.     Temp.              Temp.     Temp.     Temp.    Target       Rad.      Rad.      Rad.      Convect.
               (C)       (C)       (C)       (C)                (C)       (C)       (C)      (W/m^2)      (%)       (%)       (%)       (%)
------------------------------------------------------------------------------------------------------------------------------------------------
Compartment 1   91.9      38.1      31.4      38.9     Floor              38.9               1.3917E+04   97.2       3.5       2.1       0.2
                                                         1      121.      35.4      22.1      1136.        0.0      36.5      49.0      51.4
                                                         2      30.0      82.6      82.6     1.3993E+04   96.9       3.3       2.6       0.2
                                                         3      30.0      421.      421.     1.3993E+04   96.9       3.3       2.6       0.2


Upper Layer Species

Compartment    N2         O2         CO2        CO         HCN        HCL        TUHC       H2O        OD         CT          TS        HCl c     HCl f     HCl uw    HCl lw
               (%)        (%)        (%)        (ppm)      (ppm)      (ppm)      (%)        (%)        (1/m)      (g-min/m3)  kg        (mg/m^2)  (mg/m^2)  (mg/m^2)  (mg/m^2)
---------------------------------------------------------------------------------------------------------------------------------------------------------------------------------
Compartment 1  78.2       18.6       1.42       391.       0.00       0.00       0.00       1.72       1.09       180.       0.00       0.00      0.00      0.00      0.00


Lower Layer Species

Compartment    N2         O2         CO2        CO         HCN        HCL        TUHC       H2O        OD         CT          TS        HCl c     HCl f     HCl uw    HCl lw
               (%)        (%)        (%)        (ppm)      (ppm)      (ppm)      (%)        (%)        (1/m)      (g-min/m3)  kg        (mg/m^2)  (mg/m^2)  (mg/m^2)  (mg/m^2)
---------------------------------------------------------------------------------------------------------------------------------------------------------------------------------
Compartment 1  79.2       20.6      7.572E-02   20.7       0.00       0.00       0.00      9.137E-02  7.468E-02   14.4       0.00       0.00      0.00      0.00      0.00


Flow Through Vents (kg/s)

To             Through              Upper Layer               Lower Layer           Mixing       Mixing       Trace Species (kg)
Compartment    Vent             Inflow       Outflow      Inflow       Outflow      To Upper     To Lower     Vented     Filtered
-------------------------------------------------------------------------------------------------------------------------------------
Compart        H Outside #1                  0.999        0.974                                  5.265E-02                                                      

Outside        H Comp  1 #1     0.999                                  0.974                                                                                    


Time =   1800.0 seconds.

Compartment   Upper     Lower     Inter.    Upper           Upper      Lower     Pressure    Ambient    Floor
              Temp.     Temp.     Height    Vol.            Absorb     Absorb                Target     Target
               (C)      (C)       (m)       (m^3)           (m^-1)     (m^-1)      (Pa)      (W/m^2)    (W/m^2)
-----------------------------------------------------------------------------------------------------------------
Compartment 1 126.0     30.20     1.427     1.44E+02( 69%)  0.152      3.064E-02 -0.679      1.305E+04  1.285E+04


Fires

Compartment    Fire      Plume     Pyrol     Fire      Flame     Fire in   Fire in   Vent      Convec.   Radiat.   Pyrolysate  Trace
                         Flow      Rate      Size      Height    Upper     Lower     Fire
                         (kg/s)    (kg/s)    (W)       (m)       (W)       (W)       (W)         (W)       (W)       (kg)      (kg)
------------------------------------------------------------------------------------------------------------------------------------------
                bunsen   0.519     1.500E-03 7.498E+04 0.957                                   5.023E+04 2.474E+04  3.13        0.00    
              Wood_Wal   0.489     1.237E-02 2.240E+05 0.409                                   1.501E+05 7.393E+04  11.1        0.00    

Compartment 1             1.01     1.387E-02 2.990E+05            0.00     2.990E+05  0.00    


Surfaces and Targets

Compartment    Ceiling   Up wall   Low wall  Floor    Target    Gas       Surface   Center   Flux To      Fire      Surface   Gas
               Temp.     Temp.     Temp.     Temp.              Temp.     Temp.     Temp.    Target       Rad.      Rad.      Rad.      Convect.
               (C)       (C)       (C)       (C)                (C)       (C)       (C)      (W/m^2)      (%)       (%)       (%)       (%)
------------------------------------------------------------------------------------------------------------------------------------------------
Compartment 1   96.4      39.8      32.4      40.4     Floor              40.4               1.3047E+04   96.8       3.8       2.4       0.2
                                                         1      126.      36.8      22.5      1229.        0.0      34.0      49.6      50.5
                                                         2      30.2      84.8      84.8     1.3122E+04   96.4       3.6       3.0       0.2
                                                         3      30.2      410.      410.     1.3122E+04   96.4       3.6       3.0       0.2


Upper Layer Species

Compartment    N2         O2         CO2        CO         HCN        HCL        TUHC       H2O        OD         CT          TS        HCl c     HCl f     HCl uw    HCl lw
               (%)        (%)        (%)        (ppm)      (ppm)      (ppm)      (%)        (%)        (1/m)      (g-min/m3)  kg        (mg/m^2)  (mg/m^2)  (mg/m^2)  (mg/m^2)
---------------------------------------------------------------------------------------------------------------------------------------------------------------------------------
Compartment 1  78.1       18.4       1.52       421.       0.00       0.00       0.00       1.85       1.18       203.       0.00       0.00      0.00      0.00      0.00


Lower Layer Species

Compartment    N2         O2         CO2        CO         HCN        HCL        TUHC       H2O        OD         CT          TS        HCl c     HCl f     HCl uw    HCl lw
               (%)        (%)        (%)        (ppm)      (ppm)      (ppm)      (%)        (%)        (1/m)      (g-min/m3)  kg        (mg/m^2)  (mg/m^2)  (mg/m^2)  (mg/m^2)
---------------------------------------------------------------------------------------------------------------------------------------------------------------------------------
Compartment 1  79.2       20.6      7.063E-02   19.5       0.00       0.00       0.00      8.573E-02  7.103E-02   15.9       0.00       0.00      0.00      0.00      0.00


Flow Through Vents (kg/s)

To             Through              Upper Layer               Lower Layer           Mixing       Mixing       Trace Species (kg)
Compartment    Vent             Inflow       Outflow      Inflow       Outflow      To Upper     To Lower     Vented     Filtered
-------------------------------------------------------------------------------------------------------------------------------------
Compart        H Outside #1                  0.987        0.961                                  4.451E-02                                                      

Outside        H Comp  1 #1     0.987                                  0.961                                                                                    
