CFAST Version 6.2.0 built 2009/03/04, run 2011/08/08

Data file is C:\Users\rpeacoc\Documents\Visual Studio 2010\Projects\cfast\Verification\NRC Users Guide\4 - MCC Fire in Switchgear\MCC in Switchgear.in    Title is CFAST Simulation


OVERVIEW


Compartments    Doors, ...    Ceil. Vents, ...    MV Connects

   7               2             0                   12

Simulation     Output     History     Smokeview  Spreadsheet
   Time       Interval    Interval    Interval    Interval    
   (s)          (s)         (s)         (s)         (s)         

  3600         300           0           0          10

Ceiling jet is on for all                                         


AMBIENT CONDITIONS

Interior       Interior       Exterior       Exterior       Station        Wind           Wind           Wind           
Temperature    Pressure       Temperature    Pressure       Elevation      Speed          Ref. Height    Power
(C)            (Pa)           (C)             (Pa)          (m)            (m/s)           (m)

    20.          101243.          20.          101243.         0.00          0.0           10.0           0.16


COMPARTMENTS

Compartment  Name           Width     Depth     Height    Area      Volume    Ceiling   Floor     
                                                                              Height    Height    
                             (m)       (m)       (m)       (m^2)     (m^3)      (m)       (m)
------------------------------------------------------------------------------------------------
    1        Switchgear Ro  26.50     18.50      6.10    490.25   2990.52      6.10      0.00
    2        Cabinet 1 (Vi  18.50      1.00      2.40     18.50     44.40      2.40      0.00
    3        Cabinet 2 (Vi  18.50      1.00      2.40     18.50     44.40      2.40      0.00
    4        Cabinet 3 (Vi  18.50      1.00      2.40     18.50     44.40      2.40      0.00
    5        Cable Tray A   24.50      0.80      0.20     19.60      3.92      4.10      3.90
    6        Cable Tray B   24.50      0.80      0.20     19.60      3.92      4.60      4.40
    7        Cable Tray C   24.50      0.80      0.20     19.60      3.92      5.10      4.90


VENT CONNECTIONS

Horizontal Natural Flow Connections (Doors, Windows, ...)

From           To             Vent      Width     Sill      Soffit    Abs.      Abs.      Area
Compartment    Compartment    Number              Height    Height    Sill      Soffit
                                        (m)       (m)       (m)       (m)       (m)       (m^2)
----------------------------------------------------------------------------------------------------
Switchgear Roo  Outside        1        1.09      0.00      0.03      0.00      0.03      0.03
Switchgear Roo  Outside        2        1.09      0.03      2.00      0.03      2.00      2.16


There are no vertical natural flow connections


Fans

System    From           From      To             To        Fan       Minimum   Maximum    Fan Curve
                         Elev.                    Elev.     Number
                         (m)                      (m)                 (Pa)      (Pa)
----------------------------------------------------------------------------------------------------
   1      Outside        5.60      Node  1        5.60                0.30
          Node  1        5.60      Node  2        5.60        1       200.00    300.00     0.47    
          Node  2        5.60      Comp  1        5.60                0.30
   2      Outside        5.60      Node  3        5.60                0.30
          Node  3        5.60      Node  4        5.60        2       200.00    300.00     0.47    
          Node  4        5.60      Comp  1        5.60                0.30
   3      Outside        5.60      Node  5        5.60                0.30
          Node  5        5.60      Node  6        5.60        3       200.00    300.00     0.47    
          Node  6        5.60      Comp  1        5.60                0.30
   4      Comp  1        5.60      Node  7        5.60                0.30
          Node  7        5.60      Node  8        5.60        4       200.00    300.00     0.47    
          Node  8        5.60      Outside        5.60                0.30
   5      Comp  1        5.60      Node  9        5.60                0.30
          Node  9        5.60      Node 10        5.60        5       200.00    300.00     0.47    
          Node 10        5.60      Outside        5.60                0.30
   6      Comp  1        5.60      Node 11        5.60                0.30
          Node 11        5.60      Node 12        5.60        6       200.00    300.00     0.47    
          Node 12        5.60      Outside        5.60                0.30


THERMAL PROPERTIES

Compartment    Ceiling      Wall         Floor
----------------------------------------------------------------------
Switchgear Ro  OFF          OFF          OFF     
Cabinet 1 (Vi  CABSWSte     CABSWSte     CABSWSte
Cabinet 2 (Vi  CABSWSte     CABSWSte     CABSWSte
Cabinet 3 (Vi  CABSWSte     CABSWSte     CABSWSte
Cable Tray A   CABSWPVC     CABSWPVC     CABSWPVC
Cable Tray B   CABSWPVC     CABSWPVC     CABSWPVC
Cable Tray C   CABSWPVC     CABSWPVC     CABSWPVC


Thermal data base used: thermal             

Name    Conductivity Specific heat     Density     Thickness   Emissivity                HCL B's (1->5)
MCROpera    0.580        4.183E+03     998.        0.203        0.900      0.00E+00  0.00E+00  0.00E+00  0.00E+00  0.00E+00
MCRConcr     1.60         750.        2.400E+03    0.500        0.900      0.00E+00  0.00E+00  0.00E+00  0.00E+00  0.00E+00
MCRConcr     1.60         750.        2.400E+03    0.900        0.900      0.00E+00  0.00E+00  0.00E+00  0.00E+00  0.00E+00
MCRGypsu    0.170        1.100E+03     960.        1.588E-02    0.900      0.00E+00  0.00E+00  0.00E+00  0.00E+00  0.00E+00
MCRCarpe     1.70        2.000E+03     200.        1.250E-02    0.900      0.00E+00  0.00E+00  0.00E+00  0.00E+00  0.00E+00
MCRPVC      0.134        1.586E+03    1.380E+03    1.500E-02    0.800      0.00E+00  0.00E+00  0.00E+00  0.00E+00  0.00E+00
CABSWCon     1.60         750.        2.400E+03    0.500        0.900      0.00E+00  0.00E+00  0.00E+00  0.00E+00  0.00E+00
CABSWPVC    0.134        1.586E+03    1.380E+03    1.500E-02    0.800      0.00E+00  0.00E+00  0.00E+00  0.00E+00  0.00E+00
CABSWSte     48.0         559.        7.854E+03    1.500E-03    0.900      0.00E+00  0.00E+00  0.00E+00  0.00E+00  0.00E+00
PumpConc     1.60         750.        2.400E+03    0.500        0.900      0.00E+00  0.00E+00  0.00E+00  0.00E+00  0.00E+00
PumpERFB    6.000E-02    1.070E+03     128.        0.102        0.900      0.00E+00  0.00E+00  0.00E+00  0.00E+00  0.00E+00
PumpStee     48.0         559.        7.854E+03    1.500E-03    0.900      0.00E+00  0.00E+00  0.00E+00  0.00E+00  0.00E+00
PumpOil      145.        1.909E+03     880.        7.620E-02    0.900      0.00E+00  0.00E+00  0.00E+00  0.00E+00  0.00E+00
TurbineC     1.60         750.        2.400E+03     1.00        0.900      0.00E+00  0.00E+00  0.00E+00  0.00E+00  0.00E+00
TurbineS     54.0         465.        7.850E+03    2.800E-02    0.900      0.00E+00  0.00E+00  0.00E+00  0.00E+00  0.00E+00
TurbineO     145.        1.909E+03     880.        0.300        0.900      0.00E+00  0.00E+00  0.00E+00  0.00E+00  0.00E+00
SwMCCCon     1.60         750.        2.400E+03     1.00        0.900      0.00E+00  0.00E+00  0.00E+00  0.00E+00  0.00E+00
SwMCCSte     54.0         465.        7.850E+03    1.500E-03    0.900      0.00E+00  0.00E+00  0.00E+00  0.00E+00  0.00E+00
SwMCCXPE    0.200        1.500E+03    2.538E+03    1.500E-02    0.900      0.00E+00  0.00E+00  0.00E+00  0.00E+00  0.00E+00
CorConcr     1.60         750.        2.400E+03    0.500        0.900      0.00E+00  0.00E+00  0.00E+00  0.00E+00  0.00E+00
CorXPE      0.210        1.560E+03    1.375E+03    1.500E-02    0.900      0.00E+00  0.00E+00  0.00E+00  0.00E+00  0.00E+00
CorWood     0.120        1.380E+03     510.        0.900        0.900      0.00E+00  0.00E+00  0.00E+00  0.00E+00  0.00E+00
CSRConcr     1.60         750.        2.400E+03    0.500        0.900      0.00E+00  0.00E+00  0.00E+00  0.00E+00  0.00E+00
CSRPVC      0.134        1.586E+03    1.380E+03    1.500E-02    0.800      0.00E+00  0.00E+00  0.00E+00  0.00E+00  0.00E+00
CSRTrash    0.120        1.380E+03     510.        0.800        0.900      0.00E+00  0.00E+00  0.00E+00  0.00E+00  0.00E+00
DEFAULT     0.120         900.         800.        1.200E-02    0.900      0.00E+00  0.00E+00  0.00E+00  0.00E+00  0.00E+00



TARGETS

Target Compartment    Position (x, y, z)         Direction (x, y, z)      Material
----------------------------------------------------------------------------------
    1    Switchgear   8.30     7.00     2.40     0.00     1.00     0.00   CABSWSte
    2    Switchgear   8.30    12.00     2.40     0.00    -1.00     0.00   CABSWSte
    3    Switchgear   8.30     9.50     3.90     0.00     0.00    -1.00   CABSWPVC
    4    Switchgear   8.30     9.50     4.40     0.00     0.00     1.00   CABSWPVC
    5    Switchgear   8.30     9.50     4.90     0.00     0.00     1.00   CABSWPVC
    6    Switchgear   8.30     9.50     2.40     0.00     0.00     1.00   SwMCCXPE
    7    Switchgear  13.25     9.25     0.00     0.00     0.00     1.00   DEFAULT 
    8    Cabinet 1    9.25     0.50     0.00     0.00     0.00     1.00   CABSWSte
    9    Cabinet 2    9.25     0.50     0.00     0.00     0.00     1.00   CABSWSte
   10    Cabinet 3    9.25     0.50     0.00     0.00     0.00     1.00   CABSWSte
   11    Cable Tray  12.25     0.40     0.00     0.00     0.00     1.00   CABSWPVC
   12    Cable Tray  12.25     0.40     0.00     0.00     0.00     1.00   CABSWPVC
   13    Cable Tray  12.25     0.40     0.00     0.00     0.00     1.00   CABSWPVC


FIRES


Name: MCC 702 kW   Referenced as object #  1

Compartment    Fire Type       Position (x,y,z)     Relative    Lower O2    Pyrolysis
                                                    Humidity    Limit       Temperature
Switchgear Roo Constrained     8.30   9.50   2.40   50.0        10.00        293.


  Time      Fmass     Hcomb     Fqdot     Fhigh     C/CO2     CO/CO2    H/C       O/C       HCN       HCL         CT        TS
  (s)       (kg/s)    (J/kg)    (W)       (m)       (kg/kg)   (kg/kg)   (kg/kg)   (kg/kg)   (kg/kg)   (kg/kg)   (kg/kg)   (kg/kg)
------------------------------------------------------------------------------------------------------------------------------------
     0.      0.0      2.83E+07   0.0       0.0      6.59E-02  2.49E-02  0.15       0.0       0.0       0.0       1.0       0.0
    72.     2.48E-04  2.83E+07  7.02E+03   0.0      6.59E-02  2.49E-02  0.15       0.0       0.0       0.0       1.0       0.0
   144.     9.92E-04  2.83E+07  2.81E+04   0.0      6.59E-02  2.49E-02  0.15       0.0       0.0       0.0       1.0       0.0
   216.     2.23E-03  2.83E+07  6.32E+04   0.0      6.59E-02  2.49E-02  0.15       0.0       0.0       0.0       1.0       0.0
   288.     3.97E-03  2.83E+07  1.12E+05   0.0      6.59E-02  2.49E-02  0.15       0.0       0.0       0.0       1.0       0.0
   360.     6.20E-03  2.83E+07  1.76E+05   0.0      6.59E-02  2.49E-02  0.15       0.0       0.0       0.0       1.0       0.0
   432.     8.93E-03  2.83E+07  2.53E+05   0.0      6.59E-02  2.49E-02  0.15       0.0       0.0       0.0       1.0       0.0
   504.     1.22E-02  2.83E+07  3.44E+05   0.0      6.59E-02  2.49E-02  0.15       0.0       0.0       0.0       1.0       0.0
   576.     1.59E-02  2.83E+07  4.49E+05   0.0      6.59E-02  2.49E-02  0.15       0.0       0.0       0.0       1.0       0.0
   648.     2.01E-02  2.83E+07  5.69E+05   0.0      6.59E-02  2.49E-02  0.15       0.0       0.0       0.0       1.0       0.0
   720.     2.48E-02  2.83E+07  7.02E+05   0.0      6.59E-02  2.49E-02  0.15       0.0       0.0       0.0       1.0       0.0
  1200.     2.48E-02  2.83E+07  7.02E+05   0.0      6.59E-02  2.49E-02  0.15       0.0       0.0       0.0       1.0       0.0
  2340.      0.0      2.83E+07   0.0       0.0      6.59E-02  2.49E-02  0.15       0.0       0.0       0.0       1.0       0.0
  2350.      0.0      2.83E+07   0.0       0.0      6.59E-02  2.49E-02  0.15       0.0       0.0       0.0       1.0       0.0
